<?xml version="1.0" encoding="UTF-8"?>
<testsuite name="io.skysail.converter.test.StylingTest" tests="3" skipped="2" failures="0" errors="0" timestamp="2017-05-31T06:08:30" hostname="carstensmac.fritz.box" time="0.35">
  <properties/>
  <testcase name="styling_is_derived_from_parameter_and_saved_to_cookie" classname="io.skysail.converter.test.StylingTest" time="0.0">
    <skipped/>
  </testcase>
  <testcase name="styling_from_null_request_throws_exceptiont" classname="io.skysail.converter.test.StylingTest" time="0.0">
    <skipped/>
  </testcase>
  <testcase name="styling_from_empty_request_returns_default" classname="io.skysail.converter.test.StylingTest" time="0.054"/>
  <system-out><![CDATA[]]></system-out>
  <system-err><![CDATA[]]></system-err>
</testsuite>
